This file contains any messages produced by compilers while
running configure, to aid debugging if configure makes a mistake.

It was created by POY configure see VERSION, which was
generated by GNU Autoconf 2.69.  Invocation command line was

  $ ./configure --enable-interface=flat --enable-large-alphabets --enable-long-sequences

## --------- ##
## Platform. ##
## --------- ##

hostname = WCWMP.internal.amnh.org
uname -m = x86_64
uname -r = 14.0.0
uname -s = Darwin
uname -v = Darwin Kernel Version 14.0.0: Fri Sep 19 00:26:44 PDT 2014; root:xnu-2782.1.97~2/RELEASE_X86_64

/usr/bin/uname -p = i386
/bin/uname -X     = unknown

/bin/arch              = unknown
/usr/bin/arch -k       = unknown
/usr/convex/getsysinfo = unknown
/usr/bin/hostinfo      = Mach kernel version:
	 Darwin Kernel Version 14.0.0: Fri Sep 19 00:26:44 PDT 2014; root:xnu-2782.1.97~2/RELEASE_X86_64
Kernel configured for up to 24 processors.
12 processors are physically available.
24 processors are logically available.
Processor type: i486 (Intel 80486)
Processors active: 0 1 2 3 4 5 6 7 8 9 10 11 12 13 14 15 16 17 18 19 20 21 22 23
Primary memory available: 128.00 gigabytes
Default processor set: 327 tasks, 1178 threads, 24 processors
Load average: 21.88, Mach factor: 2.11
/bin/machine           = unknown
/usr/bin/oslevel       = unknown
/bin/universe          = unknown

PATH: /usr/local/bin
PATH: /opt/local/bin
PATH: /opt/local/sbin
PATH: /Users/ward/.opam/4.02.1/bin
PATH: /usr/local/bin
PATH: /opt/local/bin
PATH: /opt/local/sbin
PATH: /usr/local/bin
PATH: /usr/bin
PATH: /bin
PATH: /usr/sbin
PATH: /sbin
PATH: /opt/X11/bin
PATH: /usr/local/git/bin
PATH: /opt/X11/bin


## ----------- ##
## Core tests. ##
## ----------- ##

configure:2362: checking for gcc
configure:2378: found /usr/bin/gcc
configure:2389: result: gcc
configure:2618: checking for C compiler version
configure:2627: gcc --version >&5
Apple LLVM version 6.0 (clang-600.0.56) (based on LLVM 3.5svn)
Target: x86_64-apple-darwin14.0.0
Thread model: posix
Configured with: --prefix=/Applications/Xcode.app/Contents/Developer/usr --with-gxx-include-dir=/usr/include/c++/4.2.1
configure:2638: $? = 0
configure:2627: gcc -v >&5
Configured with: --prefix=/Applications/Xcode.app/Contents/Developer/usr --with-gxx-include-dir=/usr/include/c++/4.2.1
Apple LLVM version 6.0 (clang-600.0.56) (based on LLVM 3.5svn)
Target: x86_64-apple-darwin14.0.0
Thread model: posix
configure:2638: $? = 0
configure:2627: gcc -V >&5
clang: error: argument to '-V' is missing (expected 1 value)
clang: error: no input files
configure:2638: $? = 1
configure:2627: gcc -qversion >&5
clang: error: unknown argument: '-qversion'
clang: error: no input files
configure:2638: $? = 1
configure:2643: checking for suffix of object files
configure:2665: gcc -c   conftest.c >&5
configure:2669: $? = 0
configure:2690: result: o
configure:2694: checking whether we are using the GNU C compiler
configure:2713: gcc -c   conftest.c >&5
configure:2713: $? = 0
configure:2722: result: yes
configure:2731: checking whether gcc accepts -g
configure:2751: gcc -c -g  conftest.c >&5
configure:2751: $? = 0
configure:2792: result: yes
configure:2809: checking for gcc option to accept ISO C89
configure:2872: gcc  -c -g -O2  conftest.c >&5
configure:2872: $? = 0
configure:2885: result: none needed
configure:3026: checking for hg
configure:3042: found /usr/local/bin/hg
configure:3054: result: 7ca283e3443f+
configure:3286: checking whether we need to add --no-as-needed linking option
configure:3300: gcc -o conftest  -Wl,--no-as-needed   conftest.c -isysroot / -lm  >&5
ld: unknown option: --no-as-needed
clang: error: linker command failed with exit code 1 (use -v to see invocation)
configure:3300: $? = 1
configure: failed program was:
| /* confdefs.h */
| #define PACKAGE_NAME "POY"
| #define PACKAGE_TARNAME "poy"
| #define PACKAGE_VERSION "see VERSION"
| #define PACKAGE_STRING "POY see VERSION"
| #define PACKAGE_BUGREPORT "poy4@googlegroups.com"
| #define PACKAGE_URL ""
| /* end confdefs.h.  */
| 
| int
| main ()
| {
| 
|   ;
|   return 0;
| }
configure:3304: result: no
configure:3313: checking Whether to enable Concorde
configure:3326: result: no
configure:3370: checking SSE4 support
configure:3371: result: disabled
configure:3410: checking SSE3 support
configure:3411: result: disabled
configure:3420: checking for xslt-config
configure:3436: found /usr/bin/xslt-config
configure:3448: result: yes
configure:3712: checking how to run the C preprocessor
configure:3743: gcc -E  conftest.c
configure:3743: $? = 0
configure:3757: gcc -E  conftest.c
conftest.c:9:10: fatal error: 'ac_nonexistent.h' file not found
#include <ac_nonexistent.h>
         ^
1 error generated.
configure:3757: $? = 1
configure: failed program was:
| /* confdefs.h */
| #define PACKAGE_NAME "POY"
| #define PACKAGE_TARNAME "poy"
| #define PACKAGE_VERSION "see VERSION"
| #define PACKAGE_STRING "POY see VERSION"
| #define PACKAGE_BUGREPORT "poy4@googlegroups.com"
| #define PACKAGE_URL ""
| /* end confdefs.h.  */
| #include <ac_nonexistent.h>
configure:3782: result: gcc -E
configure:3802: gcc -E  conftest.c
configure:3802: $? = 0
configure:3816: gcc -E  conftest.c
conftest.c:9:10: fatal error: 'ac_nonexistent.h' file not found
#include <ac_nonexistent.h>
         ^
1 error generated.
configure:3816: $? = 1
configure: failed program was:
| /* confdefs.h */
| #define PACKAGE_NAME "POY"
| #define PACKAGE_TARNAME "poy"
| #define PACKAGE_VERSION "see VERSION"
| #define PACKAGE_STRING "POY see VERSION"
| #define PACKAGE_BUGREPORT "poy4@googlegroups.com"
| #define PACKAGE_URL ""
| /* end confdefs.h.  */
| #include <ac_nonexistent.h>
configure:3845: checking for grep that handles long lines and -e
configure:3903: result: /usr/bin/grep
configure:3908: checking for egrep
configure:3970: result: /usr/bin/grep -E
configure:3975: checking for ANSI C header files
configure:3995: gcc -c -I //usr/include/malloc -isysroot / -g -O2  conftest.c >&5
configure:3995: $? = 0
configure:4068: gcc -o conftest -I //usr/include/malloc -isysroot / -g -O2   conftest.c -isysroot / -lm  >&5
configure:4068: $? = 0
configure:4068: ./conftest
configure:4068: $? = 0
configure:4079: result: yes
configure:4092: checking for sys/types.h
configure:4092: gcc -c -I //usr/include/malloc -isysroot / -g -O2  conftest.c >&5
configure:4092: $? = 0
configure:4092: result: yes
configure:4092: checking for sys/stat.h
configure:4092: gcc -c -I //usr/include/malloc -isysroot / -g -O2  conftest.c >&5
configure:4092: $? = 0
configure:4092: result: yes
configure:4092: checking for stdlib.h
configure:4092: gcc -c -I //usr/include/malloc -isysroot / -g -O2  conftest.c >&5
configure:4092: $? = 0
configure:4092: result: yes
configure:4092: checking for string.h
configure:4092: gcc -c -I //usr/include/malloc -isysroot / -g -O2  conftest.c >&5
configure:4092: $? = 0
configure:4092: result: yes
configure:4092: checking for memory.h
configure:4092: gcc -c -I //usr/include/malloc -isysroot / -g -O2  conftest.c >&5
configure:4092: $? = 0
configure:4092: result: yes
configure:4092: checking for strings.h
configure:4092: gcc -c -I //usr/include/malloc -isysroot / -g -O2  conftest.c >&5
configure:4092: $? = 0
configure:4092: result: yes
configure:4092: checking for inttypes.h
configure:4092: gcc -c -I //usr/include/malloc -isysroot / -g -O2  conftest.c >&5
configure:4092: $? = 0
configure:4092: result: yes
configure:4092: checking for stdint.h
configure:4092: gcc -c -I //usr/include/malloc -isysroot / -g -O2  conftest.c >&5
configure:4092: $? = 0
configure:4092: result: yes
configure:4092: checking for unistd.h
configure:4092: gcc -c -I //usr/include/malloc -isysroot / -g -O2  conftest.c >&5
configure:4092: $? = 0
configure:4092: result: yes
configure:4104: checking malloc.h usability
configure:4104: gcc -c -I //usr/include/malloc -isysroot / -g -O2  conftest.c >&5
configure:4104: $? = 0
configure:4104: result: yes
configure:4104: checking malloc.h presence
configure:4104: gcc -E  conftest.c
conftest.c:19:10: fatal error: 'malloc.h' file not found
#include <malloc.h>
         ^
1 error generated.
configure:4104: $? = 1
configure: failed program was:
| /* confdefs.h */
| #define PACKAGE_NAME "POY"
| #define PACKAGE_TARNAME "poy"
| #define PACKAGE_VERSION "see VERSION"
| #define PACKAGE_STRING "POY see VERSION"
| #define PACKAGE_BUGREPORT "poy4@googlegroups.com"
| #define PACKAGE_URL ""
| #define STDC_HEADERS 1
| #define HAVE_SYS_TYPES_H 1
| #define HAVE_SYS_STAT_H 1
| #define HAVE_STDLIB_H 1
| #define HAVE_STRING_H 1
| #define HAVE_MEMORY_H 1
| #define HAVE_STRINGS_H 1
| #define HAVE_INTTYPES_H 1
| #define HAVE_STDINT_H 1
| #define HAVE_UNISTD_H 1
| /* end confdefs.h.  */
| #include <malloc.h>
configure:4104: result: no
configure:4104: WARNING: malloc.h: accepted by the compiler, rejected by the preprocessor!
configure:4104: WARNING: malloc.h: proceeding with the compiler's result
configure:4104: checking for malloc.h
configure:4104: result: yes
configure:4128: checking for ocaml
configure:4144: found /usr/local/bin/ocaml
configure:4155: result: ocaml
configure:4170: checking for ocamlc.opt
configure:4186: found /usr/local/bin/ocamlc.opt
configure:4197: result: ocamlc.opt
configure:4212: checking for ocamlyacc.opt
configure:4242: result: no
configure:4212: checking for ocamlyacc
configure:4228: found /usr/local/bin/ocamlyacc
configure:4239: result: ocamlyacc
configure:4254: checking for ocamllex.opt
configure:4270: found /usr/local/bin/ocamllex.opt
configure:4281: result: ocamllex.opt
configure:4296: checking for ocamlopt.opt
configure:4312: found /usr/local/bin/ocamlopt.opt
configure:4323: result: ocamlopt.opt
configure:4338: checking for ocamldep.opt
configure:4354: found /usr/local/bin/ocamldep.opt
configure:4365: result: ocamldep.opt
configure:4380: checking for ocamlbuild.native
configure:4396: found /usr/local/bin/ocamlbuild.native
configure:4407: result: ocamlbuild.native
configure:4422: checking for camlp4orf
configure:4438: found /usr/local/bin/camlp4orf
configure:4449: result: camlp4orf
configure:4464: checking for ocamlmktop
configure:4480: found /usr/local/bin/ocamlmktop
configure:4491: result: ocamlmktop
configure:4504: checking for OCaml version
configure:4507: result: 4.00.1
configure:4536: checking if OCaml supports dynamic linking in this architecture
configure:4539: result: yes
configure:4554: checking for ANSI C header files
configure:4658: result: yes
configure:4669: checking for fcntl.h
configure:4669: gcc -c -I //usr/include/malloc -isysroot / -g -O2  conftest.c >&5
configure:4669: $? = 0
configure:4669: result: yes
configure:4669: checking for float.h
configure:4669: gcc -c -I //usr/include/malloc -isysroot / -g -O2  conftest.c >&5
configure:4669: $? = 0
configure:4669: result: yes
configure:4669: checking for limits.h
configure:4669: gcc -c -I //usr/include/malloc -isysroot / -g -O2  conftest.c >&5
configure:4669: $? = 0
configure:4669: result: yes
configure:4669: checking for stddef.h
configure:4669: gcc -c -I //usr/include/malloc -isysroot / -g -O2  conftest.c >&5
configure:4669: $? = 0
configure:4669: result: yes
configure:4669: checking for stdint.h
configure:4669: result: yes
configure:4669: checking for stdlib.h
configure:4669: result: yes
configure:4669: checking for string.h
configure:4669: result: yes
configure:4669: checking for strings.h
configure:4669: result: yes
configure:4669: checking for sys/ioctl.h
configure:4669: gcc -c -I //usr/include/malloc -isysroot / -g -O2  conftest.c >&5
configure:4669: $? = 0
configure:4669: result: yes
configure:4669: checking for sys/time.h
configure:4669: gcc -c -I //usr/include/malloc -isysroot / -g -O2  conftest.c >&5
configure:4669: $? = 0
configure:4669: result: yes
configure:4669: checking for unistd.h
configure:4669: result: yes
configure:4682: checking for stdbool.h that conforms to C99
configure:4749: gcc -c -I //usr/include/malloc -isysroot / -g -O2  conftest.c >&5
configure:4749: $? = 0
configure:4756: result: yes
configure:4758: checking for _Bool
configure:4758: gcc -c -I //usr/include/malloc -isysroot / -g -O2  conftest.c >&5
configure:4758: $? = 0
configure:4758: gcc -c -I //usr/include/malloc -isysroot / -g -O2  conftest.c >&5
conftest.c:67:20: error: expected expression
if (sizeof ((_Bool)))
                   ^
1 error generated.
configure:4758: $? = 1
configure: failed program was:
| /* confdefs.h */
| #define PACKAGE_NAME "POY"
| #define PACKAGE_TARNAME "poy"
| #define PACKAGE_VERSION "see VERSION"
| #define PACKAGE_STRING "POY see VERSION"
| #define PACKAGE_BUGREPORT "poy4@googlegroups.com"
| #define PACKAGE_URL ""
| #define STDC_HEADERS 1
| #define HAVE_SYS_TYPES_H 1
| #define HAVE_SYS_STAT_H 1
| #define HAVE_STDLIB_H 1
| #define HAVE_STRING_H 1
| #define HAVE_MEMORY_H 1
| #define HAVE_STRINGS_H 1
| #define HAVE_INTTYPES_H 1
| #define HAVE_STDINT_H 1
| #define HAVE_UNISTD_H 1
| #define STDC_HEADERS 1
| #define HAVE_FCNTL_H 1
| #define HAVE_FLOAT_H 1
| #define HAVE_LIMITS_H 1
| #define HAVE_STDDEF_H 1
| #define HAVE_STDINT_H 1
| #define HAVE_STDLIB_H 1
| #define HAVE_STRING_H 1
| #define HAVE_STRINGS_H 1
| #define HAVE_SYS_IOCTL_H 1
| #define HAVE_SYS_TIME_H 1
| #define HAVE_UNISTD_H 1
| /* end confdefs.h.  */
| #include <stdio.h>
| #ifdef HAVE_SYS_TYPES_H
| # include <sys/types.h>
| #endif
| #ifdef HAVE_SYS_STAT_H
| # include <sys/stat.h>
| #endif
| #ifdef STDC_HEADERS
| # include <stdlib.h>
| # include <stddef.h>
| #else
| # ifdef HAVE_STDLIB_H
| #  include <stdlib.h>
| # endif
| #endif
| #ifdef HAVE_STRING_H
| # if !defined STDC_HEADERS && defined HAVE_MEMORY_H
| #  include <memory.h>
| # endif
| # include <string.h>
| #endif
| #ifdef HAVE_STRINGS_H
| # include <strings.h>
| #endif
| #ifdef HAVE_INTTYPES_H
| # include <inttypes.h>
| #endif
| #ifdef HAVE_STDINT_H
| # include <stdint.h>
| #endif
| #ifdef HAVE_UNISTD_H
| # include <unistd.h>
| #endif
| int
| main ()
| {
| if (sizeof ((_Bool)))
| 	    return 0;
|   ;
|   return 0;
| }
configure:4758: result: yes
configure:4775: checking for an ANSI C-conforming const
configure:4841: gcc -c -I //usr/include/malloc -isysroot / -g -O2  conftest.c >&5
configure:4841: $? = 0
configure:4848: result: yes
configure:4856: checking for inline
configure:4872: gcc -c -I //usr/include/malloc -isysroot / -g -O2  conftest.c >&5
configure:4872: $? = 0
configure:4880: result: inline
configure:4898: checking for size_t
configure:4898: gcc -c -I //usr/include/malloc -isysroot / -g -O2  conftest.c >&5
configure:4898: $? = 0
configure:4898: gcc -c -I //usr/include/malloc -isysroot / -g -O2  conftest.c >&5
conftest.c:69:21: error: expected expression
if (sizeof ((size_t)))
                    ^
1 error generated.
configure:4898: $? = 1
configure: failed program was:
| /* confdefs.h */
| #define PACKAGE_NAME "POY"
| #define PACKAGE_TARNAME "poy"
| #define PACKAGE_VERSION "see VERSION"
| #define PACKAGE_STRING "POY see VERSION"
| #define PACKAGE_BUGREPORT "poy4@googlegroups.com"
| #define PACKAGE_URL ""
| #define STDC_HEADERS 1
| #define HAVE_SYS_TYPES_H 1
| #define HAVE_SYS_STAT_H 1
| #define HAVE_STDLIB_H 1
| #define HAVE_STRING_H 1
| #define HAVE_MEMORY_H 1
| #define HAVE_STRINGS_H 1
| #define HAVE_INTTYPES_H 1
| #define HAVE_STDINT_H 1
| #define HAVE_UNISTD_H 1
| #define STDC_HEADERS 1
| #define HAVE_FCNTL_H 1
| #define HAVE_FLOAT_H 1
| #define HAVE_LIMITS_H 1
| #define HAVE_STDDEF_H 1
| #define HAVE_STDINT_H 1
| #define HAVE_STDLIB_H 1
| #define HAVE_STRING_H 1
| #define HAVE_STRINGS_H 1
| #define HAVE_SYS_IOCTL_H 1
| #define HAVE_SYS_TIME_H 1
| #define HAVE_UNISTD_H 1
| #define HAVE__BOOL 1
| #define HAVE_STDBOOL_H 1
| /* end confdefs.h.  */
| #include <stdio.h>
| #ifdef HAVE_SYS_TYPES_H
| # include <sys/types.h>
| #endif
| #ifdef HAVE_SYS_STAT_H
| # include <sys/stat.h>
| #endif
| #ifdef STDC_HEADERS
| # include <stdlib.h>
| # include <stddef.h>
| #else
| # ifdef HAVE_STDLIB_H
| #  include <stdlib.h>
| # endif
| #endif
| #ifdef HAVE_STRING_H
| # if !defined STDC_HEADERS && defined HAVE_MEMORY_H
| #  include <memory.h>
| # endif
| # include <string.h>
| #endif
| #ifdef HAVE_STRINGS_H
| # include <strings.h>
| #endif
| #ifdef HAVE_INTTYPES_H
| # include <inttypes.h>
| #endif
| #ifdef HAVE_STDINT_H
| # include <stdint.h>
| #endif
| #ifdef HAVE_UNISTD_H
| # include <unistd.h>
| #endif
| int
| main ()
| {
| if (sizeof ((size_t)))
| 	    return 0;
|   ;
|   return 0;
| }
configure:4898: result: yes
configure:4909: checking whether time.h and sys/time.h may both be included
configure:4929: gcc -c -I //usr/include/malloc -isysroot / -g -O2  conftest.c >&5
configure:4929: $? = 0
configure:4936: result: yes
configure:4944: checking whether struct tm is in sys/time.h or time.h
configure:4964: gcc -c -I //usr/include/malloc -isysroot / -g -O2  conftest.c >&5
configure:4964: $? = 0
configure:4971: result: time.h
configure:4981: checking whether gcc needs -traditional
conftest.c:34:10: fatal error: 'termio.h' file not found
#include <termio.h>
         ^
1 error generated.
configure:5015: result: no
configure:5024: checking for stdlib.h
configure:5024: result: yes
configure:5034: checking for GNU libc compatible malloc
configure:5058: gcc -o conftest -I //usr/include/malloc -isysroot / -g -O2   conftest.c -isysroot / -lm  >&5
configure:5058: $? = 0
configure:5058: ./conftest
configure:5058: $? = 0
configure:5068: result: yes
configure:5091: checking for stdlib.h
configure:5091: result: yes
configure:5101: checking for GNU libc compatible realloc
configure:5125: gcc -o conftest -I //usr/include/malloc -isysroot / -g -O2   conftest.c -isysroot / -lm  >&5
configure:5125: $? = 0
configure:5125: ./conftest
configure:5125: $? = 0
configure:5135: result: yes
configure:5156: checking whether lstat correctly handles trailing slash
configure:5182: gcc -o conftest -I //usr/include/malloc -isysroot / -g -O2   conftest.c -isysroot / -lm  >&5
configure:5182: $? = 0
configure:5182: ./conftest
configure:5182: $? = 1
configure: program exited with status 1
configure: failed program was:
| /* confdefs.h */
| #define PACKAGE_NAME "POY"
| #define PACKAGE_TARNAME "poy"
| #define PACKAGE_VERSION "see VERSION"
| #define PACKAGE_STRING "POY see VERSION"
| #define PACKAGE_BUGREPORT "poy4@googlegroups.com"
| #define PACKAGE_URL ""
| #define STDC_HEADERS 1
| #define HAVE_SYS_TYPES_H 1
| #define HAVE_SYS_STAT_H 1
| #define HAVE_STDLIB_H 1
| #define HAVE_STRING_H 1
| #define HAVE_MEMORY_H 1
| #define HAVE_STRINGS_H 1
| #define HAVE_INTTYPES_H 1
| #define HAVE_STDINT_H 1
| #define HAVE_UNISTD_H 1
| #define STDC_HEADERS 1
| #define HAVE_FCNTL_H 1
| #define HAVE_FLOAT_H 1
| #define HAVE_LIMITS_H 1
| #define HAVE_STDDEF_H 1
| #define HAVE_STDINT_H 1
| #define HAVE_STDLIB_H 1
| #define HAVE_STRING_H 1
| #define HAVE_STRINGS_H 1
| #define HAVE_SYS_IOCTL_H 1
| #define HAVE_SYS_TIME_H 1
| #define HAVE_UNISTD_H 1
| #define HAVE__BOOL 1
| #define HAVE_STDBOOL_H 1
| #define TIME_WITH_SYS_TIME 1
| #define HAVE_STDLIB_H 1
| #define HAVE_MALLOC 1
| #define HAVE_STDLIB_H 1
| #define HAVE_REALLOC 1
| /* end confdefs.h.  */
| #include <stdio.h>
| #ifdef HAVE_SYS_TYPES_H
| # include <sys/types.h>
| #endif
| #ifdef HAVE_SYS_STAT_H
| # include <sys/stat.h>
| #endif
| #ifdef STDC_HEADERS
| # include <stdlib.h>
| # include <stddef.h>
| #else
| # ifdef HAVE_STDLIB_H
| #  include <stdlib.h>
| # endif
| #endif
| #ifdef HAVE_STRING_H
| # if !defined STDC_HEADERS && defined HAVE_MEMORY_H
| #  include <memory.h>
| # endif
| # include <string.h>
| #endif
| #ifdef HAVE_STRINGS_H
| # include <strings.h>
| #endif
| #ifdef HAVE_INTTYPES_H
| # include <inttypes.h>
| #endif
| #ifdef HAVE_STDINT_H
| # include <stdint.h>
| #endif
| #ifdef HAVE_UNISTD_H
| # include <unistd.h>
| #endif
| int
| main ()
| {
| struct stat sbuf;
|      /* Linux will dereference the symlink and fail, as required by POSIX.
| 	That is better in the sense that it means we will not
| 	have to compile and use the lstat wrapper.  */
|      return lstat ("conftest.sym/", &sbuf) == 0;
|   ;
|   return 0;
| }
configure:5199: result: no
configure:5218: checking whether stat accepts an empty string
configure:5238: gcc -o conftest -I //usr/include/malloc -isysroot / -g -O2   conftest.c -isysroot / -lm  >&5
configure:5238: $? = 0
configure:5238: ./conftest
configure:5238: $? = 0
configure:5248: result: no
configure:5265: checking for library containing zlibVersion
configure:5296: gcc -o conftest -I //usr/include/malloc -isysroot / -g -O2   conftest.c -isysroot / -lm  >&5
Undefined symbols for architecture x86_64:
  "_zlibVersion", referenced from:
      _main in conftest-e5f908.o
ld: symbol(s) not found for architecture x86_64
clang: error: linker command failed with exit code 1 (use -v to see invocation)
configure:5296: $? = 1
configure: failed program was:
| /* confdefs.h */
| #define PACKAGE_NAME "POY"
| #define PACKAGE_TARNAME "poy"
| #define PACKAGE_VERSION "see VERSION"
| #define PACKAGE_STRING "POY see VERSION"
| #define PACKAGE_BUGREPORT "poy4@googlegroups.com"
| #define PACKAGE_URL ""
| #define STDC_HEADERS 1
| #define HAVE_SYS_TYPES_H 1
| #define HAVE_SYS_STAT_H 1
| #define HAVE_STDLIB_H 1
| #define HAVE_STRING_H 1
| #define HAVE_MEMORY_H 1
| #define HAVE_STRINGS_H 1
| #define HAVE_INTTYPES_H 1
| #define HAVE_STDINT_H 1
| #define HAVE_UNISTD_H 1
| #define STDC_HEADERS 1
| #define HAVE_FCNTL_H 1
| #define HAVE_FLOAT_H 1
| #define HAVE_LIMITS_H 1
| #define HAVE_STDDEF_H 1
| #define HAVE_STDINT_H 1
| #define HAVE_STDLIB_H 1
| #define HAVE_STRING_H 1
| #define HAVE_STRINGS_H 1
| #define HAVE_SYS_IOCTL_H 1
| #define HAVE_SYS_TIME_H 1
| #define HAVE_UNISTD_H 1
| #define HAVE__BOOL 1
| #define HAVE_STDBOOL_H 1
| #define TIME_WITH_SYS_TIME 1
| #define HAVE_STDLIB_H 1
| #define HAVE_MALLOC 1
| #define HAVE_STDLIB_H 1
| #define HAVE_REALLOC 1
| /* end confdefs.h.  */
| 
| /* Override any GCC internal prototype to avoid an error.
|    Use char because int might match the return type of a GCC
|    builtin and then its argument prototype would still apply.  */
| #ifdef __cplusplus
| extern "C"
| #endif
| char zlibVersion ();
| int
| main ()
| {
| return zlibVersion ();
|   ;
|   return 0;
| }
configure:5296: gcc -o conftest -I //usr/include/malloc -isysroot / -g -O2   conftest.c -lz  -isysroot / -lm  >&5
configure:5296: $? = 0
configure:5313: result: -lz
configure:5331: checking for floor
configure:5331: gcc -o conftest -I //usr/include/malloc -isysroot / -g -O2   conftest.c -lz -isysroot / -lm  >&5
conftest.c:61:6: warning: incompatible redeclaration of library function 'floor' [-Wincompatible-library-redeclaration]
char floor ();
     ^
conftest.c:61:6: note: 'floor' is a builtin with type 'double (double)'
1 warning generated.
configure:5331: $? = 0
configure:5331: result: yes
configure:5331: checking for gettimeofday
configure:5331: gcc -o conftest -I //usr/include/malloc -isysroot / -g -O2   conftest.c -lz -isysroot / -lm  >&5
configure:5331: $? = 0
configure:5331: result: yes
configure:5331: checking for memset
configure:5331: gcc -o conftest -I //usr/include/malloc -isysroot / -g -O2   conftest.c -lz -isysroot / -lm  >&5
conftest.c:63:6: warning: incompatible redeclaration of library function 'memset' [-Wincompatible-library-redeclaration]
char memset ();
     ^
conftest.c:63:6: note: 'memset' is a builtin with type 'void *(void *, int, unsigned long)'
1 warning generated.
configure:5331: $? = 0
configure:5331: result: yes
configure:5331: checking for pow
configure:5331: gcc -o conftest -I //usr/include/malloc -isysroot / -g -O2   conftest.c -lz -isysroot / -lm  >&5
conftest.c:64:6: warning: incompatible redeclaration of library function 'pow' [-Wincompatible-library-redeclaration]
char pow ();
     ^
conftest.c:64:6: note: 'pow' is a builtin with type 'double (double, double)'
1 warning generated.
configure:5331: $? = 0
configure:5331: result: yes
configure:5331: checking for sqrt
configure:5331: gcc -o conftest -I //usr/include/malloc -isysroot / -g -O2   conftest.c -lz -isysroot / -lm  >&5
conftest.c:65:6: warning: incompatible redeclaration of library function 'sqrt' [-Wincompatible-library-redeclaration]
char sqrt ();
     ^
conftest.c:65:6: note: 'sqrt' is a builtin with type 'double (double)'
1 warning generated.
configure:5331: $? = 0
configure:5331: result: yes
configure:5331: checking for sin
configure:5331: gcc -o conftest -I //usr/include/malloc -isysroot / -g -O2   conftest.c -lz -isysroot / -lm  >&5
conftest.c:66:6: warning: incompatible redeclaration of library function 'sin' [-Wincompatible-library-redeclaration]
char sin ();
     ^
conftest.c:66:6: note: 'sin' is a builtin with type 'double (double)'
1 warning generated.
configure:5331: $? = 0
configure:5331: result: yes
configure:5331: checking for exp
configure:5331: gcc -o conftest -I //usr/include/malloc -isysroot / -g -O2   conftest.c -lz -isysroot / -lm  >&5
conftest.c:67:6: warning: incompatible redeclaration of library function 'exp' [-Wincompatible-library-redeclaration]
char exp ();
     ^
conftest.c:67:6: note: 'exp' is a builtin with type 'double (double)'
1 warning generated.
configure:5331: $? = 0
configure:5331: result: yes
configure:5344: checking to enable likelihood
configure:5350: result: enabled
configure:5651: creating ./config.status

## ---------------------- ##
## Running config.status. ##
## ---------------------- ##

This file was extended by POY config.status see VERSION, which was
generated by GNU Autoconf 2.69.  Invocation command line was

  CONFIG_FILES    = 
  CONFIG_HEADERS  = 
  CONFIG_LINKS    = 
  CONFIG_COMMANDS = 
  $ ./config.status 

on WCWMP.internal.amnh.org

config.status:900: creating Makefile
config.status:900: creating _tags
config.status:900: creating myocamlbuild.ml
config.status:900: creating buildNumber.ml
config.status:900: creating compileFlags.ml
config.status:900: creating poy.mltop
config.status:900: creating config.h
config.status:1070: config.h is unchanged

## ---------------- ##
## Cache variables. ##
## ---------------- ##

ac_cv_c_compiler_gnu=yes
ac_cv_c_const=yes
ac_cv_c_inline=inline
ac_cv_env_CC_set=
ac_cv_env_CC_value=
ac_cv_env_CFLAGS_set=
ac_cv_env_CFLAGS_value=
ac_cv_env_CPPFLAGS_set=
ac_cv_env_CPPFLAGS_value=
ac_cv_env_CPP_set=
ac_cv_env_CPP_value=
ac_cv_env_LDFLAGS_set=
ac_cv_env_LDFLAGS_value=
ac_cv_env_LIBS_set=
ac_cv_env_LIBS_value=
ac_cv_env_build_alias_set=
ac_cv_env_build_alias_value=
ac_cv_env_host_alias_set=
ac_cv_env_host_alias_value=
ac_cv_env_target_alias_set=
ac_cv_env_target_alias_value=
ac_cv_func_exp=yes
ac_cv_func_floor=yes
ac_cv_func_gettimeofday=yes
ac_cv_func_lstat_dereferences_slashed_symlink=no
ac_cv_func_malloc_0_nonnull=yes
ac_cv_func_memset=yes
ac_cv_func_pow=yes
ac_cv_func_realloc_0_nonnull=yes
ac_cv_func_sin=yes
ac_cv_func_sqrt=yes
ac_cv_func_stat_empty_string_bug=no
ac_cv_header_fcntl_h=yes
ac_cv_header_float_h=yes
ac_cv_header_inttypes_h=yes
ac_cv_header_limits_h=yes
ac_cv_header_malloc_h=yes
ac_cv_header_memory_h=yes
ac_cv_header_stdbool_h=yes
ac_cv_header_stdc=yes
ac_cv_header_stddef_h=yes
ac_cv_header_stdint_h=yes
ac_cv_header_stdlib_h=yes
ac_cv_header_string_h=yes
ac_cv_header_strings_h=yes
ac_cv_header_sys_ioctl_h=yes
ac_cv_header_sys_stat_h=yes
ac_cv_header_sys_time_h=yes
ac_cv_header_sys_types_h=yes
ac_cv_header_time=yes
ac_cv_header_unistd_h=yes
ac_cv_objext=o
ac_cv_path_EGREP='/usr/bin/grep -E'
ac_cv_path_GREP=/usr/bin/grep
ac_cv_prog_CAMLP4ORF=camlp4orf
ac_cv_prog_CPP='gcc -E'
ac_cv_prog_HAVE_XSLTCONFIG=yes
ac_cv_prog_MERCURIAL=7ca283e3443f+
ac_cv_prog_OCAML=ocaml
ac_cv_prog_OCAMLBUILD=ocamlbuild.native
ac_cv_prog_OCAMLC=ocamlc.opt
ac_cv_prog_OCAMLDEP=ocamldep.opt
ac_cv_prog_OCAMLLEX=ocamllex.opt
ac_cv_prog_OCAMLOPT=ocamlopt.opt
ac_cv_prog_OCAMLTOP=ocamlmktop
ac_cv_prog_OCAMLYACC=ocamlyacc
ac_cv_prog_ac_ct_CC=gcc
ac_cv_prog_cc_c89=
ac_cv_prog_cc_g=yes
ac_cv_prog_gcc_traditional=no
ac_cv_search_zlibVersion=-lz
ac_cv_struct_tm=time.h
ac_cv_type__Bool=yes
ac_cv_type_size_t=yes

## ----------------- ##
## Output variables. ##
## ----------------- ##

CAMLP4ORF='camlp4orf'
CC='gcc'
CC_NOASNEEDED='false'
CC_VERSION='Apple LLVM version 6.0 (clang-600.0.56) (based on LLVM 3.5svn)
CFLAGS='-I //usr/include/malloc -isysroot / -g -O2'
CONCORDE_CFLAGS=''
CONCORDE_LIB=''
CONFIG_DATE='Mon Jan 12 14:30:35 EST 2015'
CPP='gcc -E'
CPPFLAGS=''
DEFS='-DHAVE_CONFIG_H'
DUSEGRAPHICS=''
DUSENCURSES=''
DUSENOSHAREDHD=''
DUSEPARALLEL=''
DUSEREADLINE=''
DUSEWIN32=''
DUSE_CONCORDE=''
DUSE_LARGE_ALPHABETS='-DUSE_LARGE_ALPHABETS'
DUSE_LARGE_MESSAGES=''
DUSE_LIKELIHOOD='-DUSE_LIKELIHOOD'
DUSE_LONG_SEQUENCES='-DUSE_LONG_SEQUENCES'
DUSE_NATIVEDYNLINK='-DUSE_NATIVEDYNLINK'
DUSE_PARMAP=''
DUSE_VERIFY_COSTS=''
DUSE_XSLT=''
ECHO_C='\c'
ECHO_N=''
ECHO_T=''
EGREP='/usr/bin/grep -E'
EXTRAS=''
GREP='/usr/bin/grep'
HAVE_XSLTCONFIG='yes'
INTERFACETOP=''
LDFLAGS=''
LIBOBJS=' ${LIBOBJDIR}lstat$U.o'
LIBS='-framework Accelerate -lz -isysroot / -lm '
LTLIBOBJS=' ${LIBOBJDIR}lstat$U.lo'
MERCURIAL='7ca283e3443f+'
MPITOP=''
NATIVEDYNLINK='dynlink.cmxa'
OBJEXT='o'
OCAML='ocaml'
OCAMLBUILD='ocamlbuild.native'
OCAMLC='ocamlc.opt'
OCAMLDEP='ocamldep.opt'
OCAMLFLAGS=''
OCAMLLEX='ocamllex.opt'
OCAMLOPT='ocamlopt.opt'
OCAMLTOP='ocamlmktop'
OCAMLVERSION='4.00.1'
OCAMLYACC='ocamlyacc'
OUSEGRAPHICS=''
OUSENCURSES=''
OUSENOSHAREDHD=''
OUSEPARALLEL=''
OUSEREADLINE=''
OUSEWIN32=''
OUSE_CONCORDE=''
OUSE_LARGE_ALPHABETS=',use_large_alphabets'
OUSE_LARGE_MESSAGES=''
OUSE_LIKELIHOOD=',use_likelihood'
OUSE_LONG_SEQUENCES=',use_long_sequences'
OUSE_NATIVEDYNLINK=',use_nativedynlink'
OUSE_SSE=''
OUSE_VERIFY_COSTS=''
OUSE_XSLT=''
PACKAGE_BUGREPORT='poy4@googlegroups.com'
PACKAGE_NAME='POY'
PACKAGE_STRING='POY see VERSION'
PACKAGE_TARNAME='poy'
PACKAGE_URL=''
PACKAGE_VERSION='see VERSION'
PATH_PREFIX='//usr'
PATH_SEPARATOR=':'
POY_VERSION_NUMBER='7ca283e3443f+'
PROFILE_OCAML='false'
SHELL='/bin/sh'
Target: x86_64-apple-darwin14.0.0
Thread model: posix'
USEINTERFACE='flat'
USEPARALLEL='false'
USESHAREDHD='false'
USEWIN32='false'
USE_CONCORDE='false'
USE_LARGE_ALPHABETS='true'
USE_LARGE_MESSAGES='false'
USE_LIKELIHOOD='true'
USE_LONG_SEQUENCES='true'
USE_NATIVEDYNLINK='true'
USE_PARMAP='false'
USE_RTL='false'
USE_SSE='false'
USE_UNSAFE='false'
USE_VERIFY_COSTS='false'
USE_XSLT='false'
ac_ct_CC='gcc'
bindir='${exec_prefix}/bin'
build_alias=''
datadir='${datarootdir}'
datarootdir='${prefix}/share'
docdir='${datarootdir}/doc/${PACKAGE_TARNAME}'
dvidir='${docdir}'
exec_prefix='${prefix}'
host_alias=''
htmldir='${docdir}'
includedir='${prefix}/include'
infodir='${datarootdir}/info'
libdir='${exec_prefix}/lib'
libexecdir='${exec_prefix}/libexec'
localedir='${datarootdir}/locale'
localstatedir='${prefix}/var'
mandir='${datarootdir}/man'
oldincludedir='/usr/include'
pdfdir='${docdir}'
prefix='/usr/local'
program_transform_name='s,x,x,'
psdir='${docdir}'
sbindir='${exec_prefix}/sbin'
sharedstatedir='${prefix}/com'
sysconfdir='${prefix}/etc'
target_alias=''

## ----------- ##
## confdefs.h. ##
## ----------- ##

/* confdefs.h */
#define PACKAGE_NAME "POY"
#define PACKAGE_TARNAME "poy"
#define PACKAGE_VERSION "see VERSION"
#define PACKAGE_STRING "POY see VERSION"
#define PACKAGE_BUGREPORT "poy4@googlegroups.com"
#define PACKAGE_URL ""
#define STDC_HEADERS 1
#define HAVE_SYS_TYPES_H 1
#define HAVE_SYS_STAT_H 1
#define HAVE_STDLIB_H 1
#define HAVE_STRING_H 1
#define HAVE_MEMORY_H 1
#define HAVE_STRINGS_H 1
#define HAVE_INTTYPES_H 1
#define HAVE_STDINT_H 1
#define HAVE_UNISTD_H 1
#define STDC_HEADERS 1
#define HAVE_FCNTL_H 1
#define HAVE_FLOAT_H 1
#define HAVE_LIMITS_H 1
#define HAVE_STDDEF_H 1
#define HAVE_STDINT_H 1
#define HAVE_STDLIB_H 1
#define HAVE_STRING_H 1
#define HAVE_STRINGS_H 1
#define HAVE_SYS_IOCTL_H 1
#define HAVE_SYS_TIME_H 1
#define HAVE_UNISTD_H 1
#define HAVE__BOOL 1
#define HAVE_STDBOOL_H 1
#define TIME_WITH_SYS_TIME 1
#define HAVE_STDLIB_H 1
#define HAVE_MALLOC 1
#define HAVE_STDLIB_H 1
#define HAVE_REALLOC 1
#define HAVE_FLOOR 1
#define HAVE_GETTIMEOFDAY 1
#define HAVE_MEMSET 1
#define HAVE_POW 1
#define HAVE_SQRT 1
#define HAVE_SIN 1
#define HAVE_EXP 1

configure: exit 0
